<?xml version="1.0" encoding="UTF-8"?>
<!-- Generated by org.testng.reporters.JUnitReportReporter -->
<testsuite hostname="ROHAN-DESHMUKH" failures="0" tests="2" name="testCases.TC001_AccountRegistrationTest" time="7.364" errors="0" timestamp="2026-04-27T00:22:43 IST" skipped="0">
  <testcase classname="testCases.TC001_AccountRegistrationTest" name="verify_account_registration" time="3.928"/>
  <testcase classname="testCases.TC001_AccountRegistrationTest" name="verify_account_registration" time="3.436"/>
</testsuite> <!-- testCases.TC001_AccountRegistrationTest -->
